<?xml version="1.0" encoding="UTF-8"?>
<testsuite name="Cucumber" time="11.421" tests="1" skipped="0" failures="0" errors="0">
<testcase classname="Feature to test google search functionality" name="Validate google seatch is working" time="11.144">
<system-out><![CDATA[
Given ChromeBrowser is open.................................................passed
And User is on google search webpage........................................passed
When User enters a text in search page......................................passed
And hits enter..............................................................passed
Then user is navigated to search results....................................passed
]]></system-out>
</testcase>
</testsuite>
