<?xml version="1.0" encoding="UTF-8" standalone="no"?>
<testsuite errors="0" failures="0" name="io.cucumber.core.plugin.JUnitFormatter" skipped="0" tests="1" time="8.78">
    <testcase classname="Feature to test google search functionality" name="Validate google seatch is working" time="8.627">
        <system-out><![CDATA[Given ChromeBrowser is open.................................................passed
And User is on google search webpage........................................passed
When User enters a text in search page......................................passed
And hits enter..............................................................passed
Then user is navigated to search results....................................passed
]]></system-out>
    </testcase>
</testsuite>
